# JRE version: Java(TM) SE Runtime Environment (17.0.15+9) (build 17.0.15+9-LTS-241)
# Java VM: Java HotSpot(TM) 64-Bit Server VM (17.0.15+9-LTS-241, mixed mode, sharing, tiered, compressed oops, compressed class ptrs, g1 gc, windows-amd64)
GC Precious Log:
 CPUs: 8 total, 8 available
 Memory: 7379M
 Large Page Support: Disabled
 NUMA Support: Disabled
 Compressed Oops: Enabled (32-bit)
 Heap Region Size: 1M
 Heap Min Capacity: 8M
 Heap Initial Capacity: 116M
 Heap Max Capacity: 1846M
 Pre-touch: Disabled
 Parallel Workers: 8
 Concurrent Workers: 2
 Concurrent Refinement Workers: 8
 Periodic GC: Disabled
Heap:
 garbage-first heap   total 68608K, used 46761K [0x000000008ca00000, 0x0000000100000000)
  region size 1024K, 16 young (16384K), 3 survivors (3072K)
 Metaspace       used 71798K, committed 72448K, reserved 1114112K
  class space    used 9822K, committed 10112K, reserved 1048576K
GC Heap History (20 events):
Event: 1449.740 GC heap before
{Heap before GC invocations=30 (full 0):
 garbage-first heap   total 60416K, used 40764K [0x000000008ca00000, 0x0000000100000000)
  region size 1024K, 8 young (8192K), 1 survivors (1024K)
 Metaspace       used 70118K, committed 70720K, reserved 1114112K
  class space    used 9764K, committed 10048K, reserved 1048576K
}
Event: 1451.690 GC heap after
{Heap after GC invocations=31 (full 1):
 garbage-first heap   total 60416K, used 28876K [0x000000008ca00000, 0x0000000100000000)
  region size 1024K, 0 young (0K), 0 survivors (0K)
 Metaspace       used 70118K, committed 70720K, reserved 1114112K
  class space    used 9764K, committed 10048K, reserved 1048576K
}
Event: 1455.277 GC heap before
{Heap before GC invocations=31 (full 1):
 garbage-first heap   total 60416K, used 45260K [0x000000008ca00000, 0x0000000100000000)
  region size 1024K, 17 young (17408K), 0 survivors (0K)
 Metaspace       used 70252K, committed 70912K, reserved 1114112K
  class space    used 9767K, committed 10048K, reserved 1048576K
}
Event: 1455.322 GC heap after
{Heap after GC invocations=32 (full 1):
 garbage-first heap   total 60416K, used 31054K [0x000000008ca00000, 0x0000000100000000)
  region size 1024K, 3 young (3072K), 3 survivors (3072K)
 Metaspace       used 70252K, committed 70912K, reserved 1114112K
  class space    used 9767K, committed 10048K, reserved 1048576K
}
Event: 1456.335 GC heap before
{Heap before GC invocations=33 (full 1):
 garbage-first heap   total 60416K, used 45390K [0x000000008ca00000, 0x0000000100000000)
  region size 1024K, 18 young (18432K), 3 survivors (3072K)
 Metaspace       used 70441K, committed 71040K, reserved 1114112K
  class space    used 9770K, committed 10048K, reserved 1048576K
}
Event: 1456.342 GC heap after
{Heap after GC invocations=34 (full 1):
 garbage-first heap   total 60416K, used 32404K [0x000000008ca00000, 0x0000000100000000)
  region size 1024K, 2 young (2048K), 2 survivors (2048K)
 Metaspace       used 70441K, committed 71040K, reserved 1114112K
  class space    used 9770K, committed 10048K, reserved 1048576K
}
Event: 1457.605 GC heap before
{Heap before GC invocations=34 (full 1):
 garbage-first heap   total 60416K, used 45716K [0x000000008ca00000, 0x0000000100000000)
  region size 1024K, 16 young (16384K), 2 survivors (2048K)
 Metaspace       used 70753K, committed 71360K, reserved 1114112K
  class space    used 9785K, committed 10048K, reserved 1048576K
}
Event: 1457.651 GC heap after
{Heap after GC invocations=35 (full 1):
 garbage-first heap   total 60416K, used 33405K [0x000000008ca00000, 0x0000000100000000)
  region size 1024K, 2 young (2048K), 2 survivors (2048K)
 Metaspace       used 70753K, committed 71360K, reserved 1114112K
  class space    used 9785K, committed 10048K, reserved 1048576K
}
Event: 1465.316 GC heap before
{Heap before GC invocations=36 (full 1):
 garbage-first heap   total 65536K, used 45693K [0x000000008ca00000, 0x0000000100000000)
  region size 1024K, 14 young (14336K), 2 survivors (2048K)
 Metaspace       used 71044K, committed 71680K, reserved 1114112K
  class space    used 9798K, committed 10048K, reserved 1048576K
}
Event: 1465.325 GC heap after
{Heap after GC invocations=37 (full 1):
 garbage-first heap   total 65536K, used 35170K [0x000000008ca00000, 0x0000000100000000)
  region size 1024K, 2 young (2048K), 2 survivors (2048K)
 Metaspace       used 71044K, committed 71680K, reserved 1114112K
  class space    used 9798K, committed 10048K, reserved 1048576K
}
Event: 1466.345 GC heap before
{Heap before GC invocations=37 (full 1):
 garbage-first heap   total 65536K, used 48482K [0x000000008ca00000, 0x0000000100000000)
  region size 1024K, 15 young (15360K), 2 survivors (2048K)
 Metaspace       used 71157K, committed 71744K, reserved 1114112K
  class space    used 9801K, committed 10048K, reserved 1048576K
}
Event: 1466.357 GC heap after
{Heap after GC invocations=38 (full 1):
 garbage-first heap   total 65536K, used 36065K [0x000000008ca00000, 0x0000000100000000)
  region size 1024K, 1 young (1024K), 1 survivors (1024K)
 Metaspace       used 71157K, committed 71744K, reserved 1114112K
  class space    used 9801K, committed 10048K, reserved 1048576K
}
Event: 1543.089 GC heap before
{Heap before GC invocations=39 (full 1):
 garbage-first heap   total 68608K, used 39137K [0x000000008ca00000, 0x0000000100000000)
  region size 1024K, 5 young (5120K), 1 survivors (1024K)
 Metaspace       used 71190K, committed 71808K, reserved 1114112K
  class space    used 9802K, committed 10112K, reserved 1048576K
}
Event: 1543.861 GC heap after
{Heap after GC invocations=40 (full 2):
 garbage-first heap   total 68608K, used 28284K [0x000000008ca00000, 0x0000000100000000)
  region size 1024K, 0 young (0K), 0 survivors (0K)
 Metaspace       used 71187K, committed 71808K, reserved 1114112K
  class space    used 9802K, committed 10112K, reserved 1048576K
}
Event: 1546.717 GC heap before
{Heap before GC invocations=40 (full 2):
 garbage-first heap   total 68608K, used 49788K [0x000000008ca00000, 0x0000000100000000)
  region size 1024K, 22 young (22528K), 0 survivors (0K)
 Metaspace       used 71272K, committed 71872K, reserved 1114112K
  class space    used 9804K, committed 10112K, reserved 1048576K
}
Event: 1546.735 GC heap after
{Heap after GC invocations=41 (full 2):
 garbage-first heap   total 68608K, used 30512K [0x000000008ca00000, 0x0000000100000000)
  region size 1024K, 3 young (3072K), 3 survivors (3072K)
 Metaspace       used 71272K, committed 71872K, reserved 1114112K
  class space    used 9804K, committed 10112K, reserved 1048576K
}
Event: 1547.625 GC heap before
{Heap before GC invocations=41 (full 2):
 garbage-first heap   total 68608K, used 49968K [0x000000008ca00000, 0x0000000100000000)
  region size 1024K, 23 young (23552K), 3 survivors (3072K)
 Metaspace       used 71422K, committed 72064K, reserved 1114112K
  class space    used 9811K, committed 10112K, reserved 1048576K
}
Event: 1547.638 GC heap after
{Heap after GC invocations=42 (full 2):
 garbage-first heap   total 68608K, used 32619K [0x000000008ca00000, 0x0000000100000000)
  region size 1024K, 3 young (3072K), 3 survivors (3072K)
 Metaspace       used 71422K, committed 72064K, reserved 1114112K
  class space    used 9811K, committed 10112K, reserved 1048576K
}
Event: 1549.457 GC heap before
{Heap before GC invocations=42 (full 2):
 garbage-first heap   total 68608K, used 51051K [0x000000008ca00000, 0x0000000100000000)
  region size 1024K, 21 young (21504K), 3 survivors (3072K)
 Metaspace       used 71747K, committed 72384K, reserved 1114112K
  class space    used 9822K, committed 10112K, reserved 1048576K
}
Event: 1549.472 GC heap after
{Heap after GC invocations=43 (full 2):
 garbage-first heap   total 68608K, used 34473K [0x000000008ca00000, 0x0000000100000000)
  region size 1024K, 3 young (3072K), 3 survivors (3072K)
 Metaspace       used 71747K, committed 72384K, reserved 1114112K
  class space    used 9822K, committed 10112K, reserved 1048576K
}

